This is pdfTeX, Version 3.141592653-2.6-1.40.26 (MiKTeX 24.4) (preloaded format=pdflatex 2025.2.10)  16 FEB 2025 18:04
entering extended mode
 restricted \write18 enabled.
 %&-line parsing enabled.
**./merged_latex.tex
(merged_latex.tex
LaTeX2e <2024-11-01> patch level 2
L3 programming layer <2025-01-18>
(C:\Users\arnol\AppData\Local\Programs\MiKTeX\tex/latex/base\report.cls
Document Class: report 2024/06/29 v1.4n Standard LaTeX document class
(C:\Users\arnol\AppData\Local\Programs\MiKTeX\tex/latex/base\size10.clo
File: size10.clo 2024/06/29 v1.4n Standard LaTeX file (size option)
)
\c@part=\count196
\c@chapter=\count197
\c@section=\count198
\c@subsection=\count199
\c@subsubsection=\count266
\c@paragraph=\count267
\c@subparagraph=\count268
\c@figure=\count269
\c@table=\count270
\abovecaptionskip=\skip49
\belowcaptionskip=\skip50
\bibindent=\dimen141
)
(C:\Users\arnol\AppData\Local\Programs\MiKTeX\tex/latex/float\float.sty
Package: float 2001/11/08 v1.3d Float enhancements (AL)
\c@float@type=\count271
\float@exts=\toks17
\float@box=\box52
\@float@everytoks=\toks18
\@floatcapt=\box53
)
(C:\Users\arnol\AppData\Local\Programs\MiKTeX\tex/latex/graphics\graphicx.sty
Package: graphicx 2021/09/16 v1.2d Enhanced LaTeX Graphics (DPC,SPQR)

(C:\Users\arnol\AppData\Local\Programs\MiKTeX\tex/latex/graphics\keyval.sty
Package: keyval 2022/05/29 v1.15 key=value parser (DPC)
\KV@toks@=\toks19
)
(C:\Users\arnol\AppData\Local\Programs\MiKTeX\tex/latex/graphics\graphics.sty
Package: graphics 2024/08/06 v1.4g Standard LaTeX Graphics (DPC,SPQR)

(C:\Users\arnol\AppData\Local\Programs\MiKTeX\tex/latex/graphics\trig.sty
Package: trig 2023/12/02 v1.11 sin cos tan (DPC)
)
(C:\Users\arnol\AppData\Local\Programs\MiKTeX\tex/latex/graphics-cfg\graphics.c
fg
File: graphics.cfg 2016/06/04 v1.11 sample graphics configuration
)
Package graphics Info: Driver file: pdftex.def on input line 106.

(C:\Users\arnol\AppData\Local\Programs\MiKTeX\tex/latex/graphics-def\pdftex.def
File: pdftex.def 2024/04/13 v1.2c Graphics/color driver for pdftex
))
\Gin@req@height=\dimen142
\Gin@req@width=\dimen143
) (C:\Users\arnol\AppData\Local\Programs\MiKTeX\tex/latex/amscls\amsthm.sty
Package: amsthm 2020/05/29 v2.20.6
\thm@style=\toks20
\thm@bodyfont=\toks21
\thm@headfont=\toks22
\thm@notefont=\toks23
\thm@headpunct=\toks24
\thm@preskip=\skip51
\thm@postskip=\skip52
\thm@headsep=\skip53
\dth@everypar=\toks25
)
(C:\Users\arnol\AppData\Local\Programs\MiKTeX\tex/latex/amsmath\amsmath.sty
Package: amsmath 2024/11/05 v2.17t AMS math features
\@mathmargin=\skip54

For additional information on amsmath, use the `?' option.
(C:\Users\arnol\AppData\Local\Programs\MiKTeX\tex/latex/amsmath\amstext.sty
Package: amstext 2021/08/26 v2.01 AMS text

(C:\Users\arnol\AppData\Local\Programs\MiKTeX\tex/latex/amsmath\amsgen.sty
File: amsgen.sty 1999/11/30 v2.0 generic functions
\@emptytoks=\toks26
\ex@=\dimen144
))
(C:\Users\arnol\AppData\Local\Programs\MiKTeX\tex/latex/amsmath\amsbsy.sty
Package: amsbsy 1999/11/29 v1.2d Bold Symbols
\pmbraise@=\dimen145
)
(C:\Users\arnol\AppData\Local\Programs\MiKTeX\tex/latex/amsmath\amsopn.sty
Package: amsopn 2022/04/08 v2.04 operator names
)
\inf@bad=\count272
LaTeX Info: Redefining \frac on input line 233.
\uproot@=\count273
\leftroot@=\count274
LaTeX Info: Redefining \overline on input line 398.
LaTeX Info: Redefining \colon on input line 409.
\classnum@=\count275
\DOTSCASE@=\count276
LaTeX Info: Redefining \ldots on input line 495.
LaTeX Info: Redefining \dots on input line 498.
LaTeX Info: Redefining \cdots on input line 619.
\Mathstrutbox@=\box54
\strutbox@=\box55
LaTeX Info: Redefining \big on input line 721.
LaTeX Info: Redefining \Big on input line 722.
LaTeX Info: Redefining \bigg on input line 723.
LaTeX Info: Redefining \Bigg on input line 724.
\big@size=\dimen146
LaTeX Font Info:    Redeclaring font encoding OML on input line 742.
LaTeX Font Info:    Redeclaring font encoding OMS on input line 743.
\macc@depth=\count277
LaTeX Info: Redefining \bmod on input line 904.
LaTeX Info: Redefining \pmod on input line 909.
LaTeX Info: Redefining \smash on input line 939.
LaTeX Info: Redefining \relbar on input line 969.
LaTeX Info: Redefining \Relbar on input line 970.
\c@MaxMatrixCols=\count278
\dotsspace@=\muskip17
\c@parentequation=\count279
\dspbrk@lvl=\count280
\tag@help=\toks27
\row@=\count281
\column@=\count282
\maxfields@=\count283
\andhelp@=\toks28
\eqnshift@=\dimen147
\alignsep@=\dimen148
\tagshift@=\dimen149
\tagwidth@=\dimen150
\totwidth@=\dimen151
\lineht@=\dimen152
\@envbody=\toks29
\multlinegap=\skip55
\multlinetaggap=\skip56
\mathdisplay@stack=\toks30
LaTeX Info: Redefining \[ on input line 2953.
LaTeX Info: Redefining \] on input line 2954.
)
(C:\Users\arnol\AppData\Local\Programs\MiKTeX\tex/latex/amsfonts\amssymb.sty
Package: amssymb 2013/01/14 v3.01 AMS font symbols

(C:\Users\arnol\AppData\Local\Programs\MiKTeX\tex/latex/amsfonts\amsfonts.sty
Package: amsfonts 2013/01/14 v3.01 Basic AMSFonts support
\symAMSa=\mathgroup4
\symAMSb=\mathgroup5
LaTeX Font Info:    Redeclaring math symbol \hbar on input line 98.
LaTeX Font Info:    Overwriting math alphabet `\mathfrak' in version `bold'
(Font)                  U/euf/m/n --> U/euf/b/n on input line 106.
))
(C:\Users\arnol\AppData\Local\Programs\MiKTeX\tex/latex/l3packages/xparse\xpars
e.sty
(C:\Users\arnol\AppData\Local\Programs\MiKTeX\tex/latex/l3kernel\expl3.sty
Package: expl3 2025-01-18 L3 programming layer (loader) 

(C:\Users\arnol\AppData\Local\Programs\MiKTeX\tex/latex/l3backend\l3backend-pdf
tex.def
File: l3backend-pdftex.def 2024-05-08 L3 backend support: PDF output (pdfTeX)
\l__color_backend_stack_int=\count284
\l__pdf_internal_box=\box56
))
Package: xparse 2024-08-16 L3 Experimental document command parser
)
(C:\Users\arnol\AppData\Local\Programs\MiKTeX\tex/latex/xcolor\xcolor.sty
Package: xcolor 2024/09/29 v3.02 LaTeX color extensions (UK)

(C:\Users\arnol\AppData\Local\Programs\MiKTeX\tex/latex/graphics-cfg\color.cfg
File: color.cfg 2016/01/02 v1.6 sample color configuration
)
Package xcolor Info: Driver file: pdftex.def on input line 274.
(C:\Users\arnol\AppData\Local\Programs\MiKTeX\tex/latex/graphics\mathcolor.ltx)
Package xcolor Info: Model `cmy' substituted by `cmy0' on input line 1349.
Package xcolor Info: Model `hsb' substituted by `rgb' on input line 1353.
Package xcolor Info: Model `RGB' extended on input line 1365.
Package xcolor Info: Model `HTML' substituted by `rgb' on input line 1367.
Package xcolor Info: Model `Hsb' substituted by `hsb' on input line 1368.
Package xcolor Info: Model `tHsb' substituted by `hsb' on input line 1369.
Package xcolor Info: Model `HSB' substituted by `hsb' on input line 1370.
Package xcolor Info: Model `Gray' substituted by `gray' on input line 1371.
Package xcolor Info: Model `wave' substituted by `hsb' on input line 1372.
) (C:\Users\arnol\AppData\Local\Programs\MiKTeX\tex/latex/dashrule\dashrule.sty
Package: dashrule 2013/03/28 v1.3 Dashed rules
(C:\Users\arnol\AppData\Local\Programs\MiKTeX\tex/latex/ifmtarg\ifmtarg.sty
Package: ifmtarg 2018/04/16 v1.2b check for an empty argument
)
\c@hdr@segments=\count285
)
(C:\Users\arnol\AppData\Local\Programs\MiKTeX\tex/latex/enumitem\enumitem.sty
Package: enumitem 2025/02/06 v3.11 Customized lists
\labelindent=\skip57
\enit@outerparindent=\dimen153
\enit@toks=\toks31
\enit@inbox=\box57
\enit@count@id=\count286
\enitdp@description=\count287
)
(C:\Users\arnol\AppData\Local\Programs\MiKTeX\tex/latex/changepage\changepage.s
ty
Package: changepage 2009/10/20 v1.0c check page and change page layout
\c@cp@cntr=\count288
\cp@tempcnt=\count289
)
(C:\Users\arnol\AppData\Local\Programs\MiKTeX\tex/latex/hyperref\hyperref.sty
Package: hyperref 2024-11-05 v7.01l Hypertext links for LaTeX

(C:\Users\arnol\AppData\Local\Programs\MiKTeX\tex/generic/iftex\iftex.sty
Package: iftex 2024/12/12 v1.0g TeX engine tests
)
(C:\Users\arnol\AppData\Local\Programs\MiKTeX\tex/latex/kvsetkeys\kvsetkeys.sty
Package: kvsetkeys 2022-10-05 v1.19 Key value parser (HO)
)
(C:\Users\arnol\AppData\Local\Programs\MiKTeX\tex/generic/kvdefinekeys\kvdefine
keys.sty
Package: kvdefinekeys 2019-12-19 v1.6 Define keys (HO)
)
(C:\Users\arnol\AppData\Local\Programs\MiKTeX\tex/generic/pdfescape\pdfescape.s
ty
Package: pdfescape 2019/12/09 v1.15 Implements pdfTeX's escape features (HO)

(C:\Users\arnol\AppData\Local\Programs\MiKTeX\tex/generic/ltxcmds\ltxcmds.sty
Package: ltxcmds 2023-12-04 v1.26 LaTeX kernel commands for general use (HO)
)
(C:\Users\arnol\AppData\Local\Programs\MiKTeX\tex/generic/pdftexcmds\pdftexcmds
.sty
Package: pdftexcmds 2020-06-27 v0.33 Utility functions of pdfTeX for LuaTeX (HO
)

(C:\Users\arnol\AppData\Local\Programs\MiKTeX\tex/generic/infwarerr\infwarerr.s
ty
Package: infwarerr 2019/12/03 v1.5 Providing info/warning/error messages (HO)
)
Package pdftexcmds Info: \pdf@primitive is available.
Package pdftexcmds Info: \pdf@ifprimitive is available.
Package pdftexcmds Info: \pdfdraftmode found.
))
(C:\Users\arnol\AppData\Local\Programs\MiKTeX\tex/latex/hycolor\hycolor.sty
Package: hycolor 2020-01-27 v1.10 Color options for hyperref/bookmark (HO)
)
(C:\Users\arnol\AppData\Local\Programs\MiKTeX\tex/latex/hyperref\nameref.sty
Package: nameref 2023-11-26 v2.56 Cross-referencing by name of section

(C:\Users\arnol\AppData\Local\Programs\MiKTeX\tex/latex/refcount\refcount.sty
Package: refcount 2019/12/15 v3.6 Data extraction from label references (HO)
)
(C:\Users\arnol\AppData\Local\Programs\MiKTeX\tex/generic/gettitlestring\gettit
lestring.sty
Package: gettitlestring 2019/12/15 v1.6 Cleanup title references (HO)

(C:\Users\arnol\AppData\Local\Programs\MiKTeX\tex/latex/kvoptions\kvoptions.sty
Package: kvoptions 2022-06-15 v3.15 Key value format for package options (HO)
))
\c@section@level=\count290
)
(C:\Users\arnol\AppData\Local\Programs\MiKTeX\tex/latex/etoolbox\etoolbox.sty
Package: etoolbox 2020/10/05 v2.5k e-TeX tools for LaTeX (JAW)
\etb@tempcnta=\count291
)
(C:\Users\arnol\AppData\Local\Programs\MiKTeX\tex/generic/stringenc\stringenc.s
ty
Package: stringenc 2019/11/29 v1.12 Convert strings between diff. encodings (HO
)
)
\@linkdim=\dimen154
\Hy@linkcounter=\count292
\Hy@pagecounter=\count293
 (C:\Users\arnol\AppData\Local\Programs\MiKTeX\tex/latex/hyperref\pd1enc.def
File: pd1enc.def 2024-11-05 v7.01l Hyperref: PDFDocEncoding definition (HO)
Now handling font encoding PD1 ...
... no UTF-8 mapping file for font encoding PD1
) (C:\Users\arnol\AppData\Local\Programs\MiKTeX\tex/generic/intcalc\intcalc.sty
Package: intcalc 2019/12/15 v1.3 Expandable calculations with integers (HO)
)
\Hy@SavedSpaceFactor=\count294
 (C:\Users\arnol\AppData\Local\Programs\MiKTeX\tex/latex/hyperref\puenc.def
File: puenc.def 2024-11-05 v7.01l Hyperref: PDF Unicode definition (HO)
Now handling font encoding PU ...
... no UTF-8 mapping file for font encoding PU
)
Package hyperref Info: Hyper figures OFF on input line 4157.
Package hyperref Info: Link nesting OFF on input line 4162.
Package hyperref Info: Hyper index ON on input line 4165.
Package hyperref Info: Plain pages OFF on input line 4172.
Package hyperref Info: Backreferencing OFF on input line 4177.
Package hyperref Info: Implicit mode ON; LaTeX internals redefined.
Package hyperref Info: Bookmarks ON on input line 4424.
\c@Hy@tempcnt=\count295

(C:\Users\arnol\AppData\Local\Programs\MiKTeX\tex/latex/url\url.sty
\Urlmuskip=\muskip18
Package: url 2013/09/16  ver 3.4  Verb mode for urls, etc.
)
LaTeX Info: Redefining \url on input line 4763.
\XeTeXLinkMargin=\dimen155

(C:\Users\arnol\AppData\Local\Programs\MiKTeX\tex/generic/bitset\bitset.sty
Package: bitset 2019/12/09 v1.3 Handle bit-vector datatype (HO)

(C:\Users\arnol\AppData\Local\Programs\MiKTeX\tex/generic/bigintcalc\bigintcalc
.sty
Package: bigintcalc 2019/12/15 v1.5 Expandable calculations on big integers (HO
)
))
\Fld@menulength=\count296
\Field@Width=\dimen156
\Fld@charsize=\dimen157
Package hyperref Info: Hyper figures OFF on input line 6042.
Package hyperref Info: Link nesting OFF on input line 6047.
Package hyperref Info: Hyper index ON on input line 6050.
Package hyperref Info: backreferencing OFF on input line 6057.
Package hyperref Info: Link coloring OFF on input line 6062.
Package hyperref Info: Link coloring with OCG OFF on input line 6067.
Package hyperref Info: PDF/A mode OFF on input line 6072.

(C:\Users\arnol\AppData\Local\Programs\MiKTeX\tex/latex/base\atbegshi-ltx.sty
Package: atbegshi-ltx 2021/01/10 v1.0c Emulation of the original atbegshi
package with kernel methods
)
\Hy@abspage=\count297
\c@Item=\count298
\c@Hfootnote=\count299
)
Package hyperref Info: Driver (autodetected): hpdftex.
(C:\Users\arnol\AppData\Local\Programs\MiKTeX\tex/latex/hyperref\hpdftex.def
File: hpdftex.def 2024-11-05 v7.01l Hyperref driver for pdfTeX

(C:\Users\arnol\AppData\Local\Programs\MiKTeX\tex/latex/base\atveryend-ltx.sty
Package: atveryend-ltx 2020/08/19 v1.0a Emulation of the original atveryend pac
kage
with kernel methods
)
\Fld@listcount=\count300
\c@bookmark@seq@number=\count301

(C:\Users\arnol\AppData\Local\Programs\MiKTeX\tex/latex/rerunfilecheck\rerunfil
echeck.sty
Package: rerunfilecheck 2022-07-10 v1.10 Rerun checks for auxiliary files (HO)

(C:\Users\arnol\AppData\Local\Programs\MiKTeX\tex/generic/uniquecounter\uniquec
ounter.sty
Package: uniquecounter 2019/12/15 v1.4 Provide unlimited unique counter (HO)
)
Package uniquecounter Info: New unique counter `rerunfilecheck' on input line 2
85.
)
\Hy@SectionHShift=\skip58
) (merged_latex.aux

LaTeX Warning: Label `concept:6.51' multiply defined.

)
\openout1 = `merged_latex.aux'.

LaTeX Font Info:    Checking defaults for OML/cmm/m/it on input line 35.
LaTeX Font Info:    ... okay on input line 35.
LaTeX Font Info:    Checking defaults for OMS/cmsy/m/n on input line 35.
LaTeX Font Info:    ... okay on input line 35.
LaTeX Font Info:    Checking defaults for OT1/cmr/m/n on input line 35.
LaTeX Font Info:    ... okay on input line 35.
LaTeX Font Info:    Checking defaults for T1/cmr/m/n on input line 35.
LaTeX Font Info:    ... okay on input line 35.
LaTeX Font Info:    Checking defaults for TS1/cmr/m/n on input line 35.
LaTeX Font Info:    ... okay on input line 35.
LaTeX Font Info:    Checking defaults for OMX/cmex/m/n on input line 35.
LaTeX Font Info:    ... okay on input line 35.
LaTeX Font Info:    Checking defaults for U/cmr/m/n on input line 35.
LaTeX Font Info:    ... okay on input line 35.
LaTeX Font Info:    Checking defaults for PD1/pdf/m/n on input line 35.
LaTeX Font Info:    ... okay on input line 35.
LaTeX Font Info:    Checking defaults for PU/pdf/m/n on input line 35.
LaTeX Font Info:    ... okay on input line 35.

(C:\Users\arnol\AppData\Local\Programs\MiKTeX\tex/context/base/mkii\supp-pdf.mk
ii
[Loading MPS to PDF converter (version 2006.09.02).]
\scratchcounter=\count302
\scratchdimen=\dimen158
\scratchbox=\box58
\nofMPsegments=\count303
\nofMParguments=\count304
\everyMPshowfont=\toks32
\MPscratchCnt=\count305
\MPscratchDim=\dimen159
\MPnumerator=\count306
\makeMPintoPDFobject=\count307
\everyMPtoPDFconversion=\toks33
)
(C:\Users\arnol\AppData\Local\Programs\MiKTeX\tex/latex/epstopdf-pkg\epstopdf-b
ase.sty
Package: epstopdf-base 2020-01-24 v2.11 Base part for package epstopdf
Package epstopdf-base Info: Redefining graphics rule for `.eps' on input line 4
85.

(C:\Users\arnol\AppData\Local\Programs\MiKTeX\tex/latex/00miktex\epstopdf-sys.c
fg
File: epstopdf-sys.cfg 2021/03/18 v2.0 Configuration of epstopdf for MiKTeX
))
Package hyperref Info: Link coloring OFF on input line 35.
 (merged_latex.out) (merged_latex.out)
\@outlinefile=\write3
\openout3 = `merged_latex.out'.

LaTeX Font Info:    Trying to load font information for U+msa on input line 41.


(C:\Users\arnol\AppData\Local\Programs\MiKTeX\tex/latex/amsfonts\umsa.fd
File: umsa.fd 2013/01/14 v3.01 AMS symbols A
)
LaTeX Font Info:    Trying to load font information for U+msb on input line 41.


(C:\Users\arnol\AppData\Local\Programs\MiKTeX\tex/latex/amsfonts\umsb.fd
File: umsb.fd 2013/01/14 v3.01 AMS symbols B
)

[1

{C:/Users/arnol/AppData/Local/MiKTeX/fonts/map/pdftex/pdftex.map}]
(merged_latex.toc


pdfTeX warning (ext4): destination with the same identifier (name{page.1}) has 
been already used, duplicate ignored
<to be read again> 
                   \relax 
l.28 ...rfitting \& Underfitting}{51}{section.6.2}
                                                  % [1

]

[2])
\tf@toc=\write4
\openout4 = `merged_latex.toc'.



[3]

[4

]
Chapter 1.
! Extra alignment tab has been changed to \cr.
<recently read> \endtemplate 
                             
l.55     \text { subject to } & h_{1}(\theta)=0, &
                                                   \cdots & , \ h_{m}(\theta...

? 
! Extra alignment tab has been changed to \cr.
<recently read> \endtemplate 
                             
l.56     & g_{1}(\theta) \le 0, &
                                  \cdots & , \ g_{n}(\theta) \le 0
? 


[5

{C:/Users/arnol/AppData/Local/Programs/MiKTeX/fonts/enc/dvips/cm-super/cm-super
-ts1.enc}]

[6]
<.././assets/1.1.jpg, id=452, 1107.13625pt x 854.19125pt>
File: .././assets/1.1.jpg Graphic file (type jpg)
<use .././assets/1.1.jpg>
Package pdftex.def Info: .././assets/1.1.jpg  used on input line 196.
(pdftex.def)             Requested size: 172.5pt x 133.08907pt.


[7]

[8 <.././assets/1.1.jpg>]
Chapter 2.


[9

]
<.././assets/2.1.png, id=469, 572.89032pt x 765.6103pt>
File: .././assets/2.1.png Graphic file (type png)
<use .././assets/2.1.png>
Package pdftex.def Info: .././assets/2.1.png  used on input line 256.
(pdftex.def)             Requested size: 137.9979pt x 184.4161pt.
<.././assets/2.2.png, id=471, 1445.4pt x 749.04843pt>
File: .././assets/2.2.png Graphic file (type png)
<use .././assets/2.2.png>
Package pdftex.def Info: .././assets/2.2.png  used on input line 269.
(pdftex.def)             Requested size: 241.49895pt x 125.14207pt.


[10 <.././assets/2.1.png> <.././assets/2.2.png>]
Overfull \hbox (10.00002pt too wide) in paragraph at lines 291--292
[][] [][] 
 []



[11]
Overfull \hbox (90.05702pt too wide) detected at line 383
[] \OMS/cmsy/m/n/10 ^^U \OT1/cmr/m/n/10 0\OML/cmm/m/it/10 ; [] \OMS/cmsy/m/n/10
 ^^U \OT1/cmr/m/n/10 0\OML/cmm/m/it/10 ;  [] [][] > \OT1/cmr/m/n/10 0[]\OML/cm
m/m/it/10  \OMS/cmsy/m/n/10 2 []
 []



[12]

[13]

[14]

[15]
Overfull \hbox (18.92084pt too wide) in paragraph at lines 587--588
[]\OT1/cmr/m/n/10 the al-go-rithm is usu-ally well-defined, i.e., $\OML/cmm/m/i
t/10 ^^R[]$ \OT1/cmr/m/n/10 never hits a point of non-differentiability. 
 []



[16]

[17]
Overfull \hbox (3.1246pt too wide) in paragraph at lines 699--700
[]\OT1/cmr/m/n/10 where $\OML/cmm/m/it/10 ![]; ![]; []$ \OT1/cmr/m/n/10 are IID
 ran-dom sam-ples of $\OML/cmm/m/it/10 !$\OT1/cmr/m/n/10 . If $\OMS/cmsy/m/n/10
 r[]\U/msb/m/n/10 E[] [] \OT1/cmr/m/n/10 = \U/msb/m/n/10 E[] []$\OT1/cmr/m/n/10
 ,
 []



[18]

[19

]

[20

]
Chapter 3.


[21

]
Overfull \hbox (6.18306pt too wide) in paragraph at lines 790--791
[]\OT1/cmr/m/n/10 The data is \OT1/cmr/bx/n/10 lin-early sep-a-ra-ble \OT1/cmr/
m/n/10 if there is a hy-per-plane de-fined by $(\OML/cmm/m/it/10 a[]; b[]\OT1/c
mr/m/n/10 )$
 []

<.././assets/3.1.jpg, id=553, 2722.17pt x 810.02625pt>
File: .././assets/3.1.jpg Graphic file (type jpg)
<use .././assets/3.1.jpg>
Package pdftex.def Info: .././assets/3.1.jpg  used on input line 801.
(pdftex.def)             Requested size: 345.0pt x 102.6497pt.


[22]

[23 <.././assets/3.1.jpg>]
Overfull \hbox (5.74428pt too wide) in paragraph at lines 913--915
[]\OT1/cmr/m/n/10 If $[][] [] [] = 0$, then $[] [] = \OML/cmm/m/it/10 Y[]$ \OT1
/cmr/m/n/10 for $\OML/cmm/m/it/10 i \OT1/cmr/m/n/10 = 1\OML/cmm/m/it/10 ; [] ; 
N$\OT1/cmr/m/n/10 ,
 []



[24]

[25]
! Extra alignment tab has been changed to \cr.
<recently read> \endtemplate 
                             
l.966 ...{i=1}^{n} p_{i} \log \left(q_{i}\right) &
                                                   +\displaystyle \sum_{i=1}...

? 
! Extra alignment tab has been changed to \cr.
<recently read> \endtemplate 
                             
l.967     & =H(p, q) &
                       =-H(p) \\
? 
! Extra alignment tab has been changed to \cr.
<recently read> \endtemplate 
                             
l.968     & \text { cross entropy of } q &
                                           =-H \\
? 
! Extra alignment tab has been changed to \cr.
<recently read> \endtemplate 
                             
l.969     & \text { relative to } p &
                                      \text { entropy of } p
? 

Overfull \hbox (10.00002pt too wide) in paragraph at lines 993--994
[][] [][] 
 []


Overfull \hbox (10.00002pt too wide) in paragraph at lines 1003--1004
[][] [][] 
 []



[26]

[27]
<.././assets/3.2.png, id=593, 489.62926pt x 398.56905pt>
File: .././assets/3.2.png Graphic file (type png)
<use .././assets/3.2.png>
Package pdftex.def Info: .././assets/3.2.png  used on input line 1083.
(pdftex.def)             Requested size: 258.75pt x 210.62633pt.


[28 <.././assets/3.2.png>]

[29]
<.././assets/3.3.png, id=607, 1096.84781pt x 647.41875pt>
File: .././assets/3.3.png Graphic file (type png)
<use .././assets/3.3.png>
Package pdftex.def Info: .././assets/3.3.png  used on input line 1186.
(pdftex.def)             Requested size: 258.75pt x 152.72627pt.


[30 <.././assets/3.3.png>]
<.././assets/3.4.jpg, id=616, 1456.44125pt x 1465.475pt>
File: .././assets/3.4.jpg Graphic file (type jpg)
<use .././assets/3.4.jpg>
Package pdftex.def Info: .././assets/3.4.jpg  used on input line 1201.
(pdftex.def)             Requested size: 258.75pt x 260.35283pt.


[31 <.././assets/3.4.jpg>]

[32]
Chapter 4.
<.././assets/4.1.png, id=627, 1553.05219pt x 880.03781pt>
File: .././assets/4.1.png Graphic file (type png)
<use .././assets/4.1.png>
Package pdftex.def Info: .././assets/4.1.png  used on input line 1242.
(pdftex.def)             Requested size: 172.5pt x 97.74443pt.
<.././assets/4.2.png, id=628, 934.99312pt x 768.62157pt>
File: .././assets/4.2.png Graphic file (type png)
<use .././assets/4.2.png>
Package pdftex.def Info: .././assets/4.2.png  used on input line 1256.
(pdftex.def)             Requested size: 172.5pt x 141.80573pt.


[33

 <.././assets/4.1.png>]
<.././assets/4.3.png, id=636, 377.61075pt x 286.55055pt>
File: .././assets/4.3.png Graphic file (type png)
<use .././assets/4.3.png>
Package pdftex.def Info: .././assets/4.3.png  used on input line 1274.
(pdftex.def)             Requested size: 172.5pt x 130.90102pt.
<.././assets/4.4.png, id=637, 389.17395pt x 286.55055pt>
File: .././assets/4.4.png Graphic file (type png)
<use .././assets/4.4.png>
Package pdftex.def Info: .././assets/4.4.png  used on input line 1285.
(pdftex.def)             Requested size: 172.5pt x 127.00958pt.


[34 <.././assets/4.2.png> <.././assets/4.3.png>]
<.././assets/4.5.png, id=645, 406.8801pt x 286.55055pt>
File: .././assets/4.5.png Graphic file (type png)
<use .././assets/4.5.png>
Package pdftex.def Info: .././assets/4.5.png  used on input line 1296.
(pdftex.def)             Requested size: 172.5pt x 121.48286pt.


[35 <.././assets/4.4.png> <.././assets/4.5.png>]
Overfull \hbox (12.79332pt too wide) in paragraph at lines 1337--1338
[]\OT1/cmr/m/n/10 Consider su-per-vised learn-ing with data $\OML/cmm/m/it/10 X
[]; [] ; X[] \OMS/cmsy/m/n/10 2 \U/msb/m/n/10 R[]$ \OT1/cmr/m/n/10 and la-bels 
$\OML/cmm/m/it/10 Y[]; [] ; Y[] \OMS/cmsy/m/n/10 2
 []


Overfull \hbox (6.13197pt too wide) detected at line 1401
\OML/cmm/m/it/10 ^^V [] \OT1/cmr/m/n/10 = [] \OML/cmm/m/it/10 ; ^^V [] \OMS/cms
y/m/n/10 ^^Y [] \OML/cmm/m/it/10 ; ^^V [] \OMS/cmsy/m/n/10 ^^Y []
 []



[36]
Overfull \hbox (117.9006pt too wide) detected at line 1426
\OML/cmm/m/it/10 ^^V [] \OT1/cmr/m/n/10 = [] [] \OML/cmm/m/it/10 ;  f[]\OT1/cmr
/m/n/10 (\OML/cmm/m/it/10 x\OT1/cmr/m/n/10 ) = \OML/cmm/m/it/10 Ax \OT1/cmr/m/n
/10 + \OML/cmm/m/it/10 b; A \OT1/cmr/m/n/10 = [] \OMS/cmsy/m/n/10 2 \U/msb/m/n/
10 R[]\OML/cmm/m/it/10 ;  b \OT1/cmr/m/n/10 = [] \OMS/cmsy/m/n/10 2 \U/msb/m/n/
10 R[]\OML/cmm/m/it/10 :
 []


Overfull \hbox (48.1677pt too wide) detected at line 1432
[] [] \OML/cmm/m/it/10 D[] [] \OMS/cmsy/m/n/10 ([]) [] [] \OML/cmm/m/it/10 H []

 []



[37]
Overfull \hbox (33.62561pt too wide) detected at line 1474
[][] [] \OML/cmm/m/it/10 `[] [] \OMS/cmsy/m/n/10 ([]) [] [] \OML/cmm/m/it/10 D[
] []
 []


Overfull \hbox (17.70224pt too wide) detected at line 1482
[][] [] \OML/cmm/m/it/10 `[] [] \OMS/cmsy/m/n/10 , []  [] \OML/cmm/m/it/10 D[] 
[]
 []


Overfull \hbox (12.05455pt too wide) in paragraph at lines 1497--1498
[]\OT1/cmr/m/n/10 In 2007, Nvidia re-leased \OT1/cmr/bx/n/10 'Com-pute Uni-fied
 De-vice Ar-chi-tec-ture (CUDA)'\OT1/cmr/m/n/10 ,
 []

<.././assets/4.6.jpg, id=670, 1806.75pt x 1234.6125pt>
File: .././assets/4.6.jpg Graphic file (type jpg)
<use .././assets/4.6.jpg>
Package pdftex.def Info: .././assets/4.6.jpg  used on input line 1507.
(pdftex.def)             Requested size: 258.75pt x 176.80069pt.


[38]
<.././assets/4.7.jpg, id=676, 3291.29625pt x 1063.975pt>
File: .././assets/4.7.jpg Graphic file (type jpg)
<use .././assets/4.7.jpg>
Package pdftex.def Info: .././assets/4.7.jpg  used on input line 1514.
(pdftex.def)             Requested size: 345.0pt x 111.51773pt.

Overfull \hbox (6.94969pt too wide) in paragraph at lines 1525--1527
\OT1/cmr/m/n/10 Learn-ing us-ing Graph-ics Pro-ces-sors, ICML, 2009. / A. Krizh
evsky, I. Sutskever,
 []



[39 <.././assets/4.6.jpg> <.././assets/4.7.jpg>]

[40]

[41

]

[42

]
Chapter 5.

Overfull \hbox (1.41736pt too wide) in paragraph at lines 1587--1588
[]\OT1/cmr/m/n/10 Many tasks in vi-sion are equiv-ari-ant/invariant with re-spe
ct shifts/translations. 
 []

<.././assets/5.1.png, id=706, 1383.66937pt x 362.85562pt>
File: .././assets/5.1.png Graphic file (type png)
<use .././assets/5.1.png>
Package pdftex.def Info: .././assets/5.1.png  used on input line 1591.
(pdftex.def)             Requested size: 258.75pt x 67.85254pt.


[43

 <.././assets/5.1.png>]
Overfull \hbox (10.00002pt too wide) in paragraph at lines 1610--1611
[][] [][] 
 []


Overfull \hbox (10.00002pt too wide) in paragraph at lines 1619--1620
[][] [][] 
 []


Overfull \hbox (10.00002pt too wide) in paragraph at lines 1631--1632
[][] [][] 
 []

<.././assets/5.2.png, id=714, 1723.1878pt x 849.92531pt>
File: .././assets/5.2.png Graphic file (type png)
<use .././assets/5.2.png>
Package pdftex.def Info: .././assets/5.2.png  used on input line 1641.
(pdftex.def)             Requested size: 345.0pt x 170.1636pt.


[44]
<.././assets/5.3.jpg, id=721, 2367.84625pt x 872.25874pt>
File: .././assets/5.3.jpg Graphic file (type jpg)
<use .././assets/5.3.jpg>
Package pdftex.def Info: .././assets/5.3.jpg  used on input line 1662.
(pdftex.def)             Requested size: 345.0pt x 127.07986pt.

Overfull \hbox (10.00002pt too wide) in paragraph at lines 1668--1669
[][] [][] 
 []

<.././assets/5.4.png, id=722, 1776.6375pt x 709.90219pt>
File: .././assets/5.4.png Graphic file (type png)
<use .././assets/5.4.png>
Package pdftex.def Info: .././assets/5.4.png  used on input line 1678.
(pdftex.def)             Requested size: 345.0pt x 137.85085pt.


[45 <.././assets/5.2.png> <.././assets/5.3.jpg>]
<.././assets/5.5.png, id=730, 1855.68282pt x 568.37344pt>
File: .././assets/5.5.png Graphic file (type png)
<use .././assets/5.5.png>
Package pdftex.def Info: .././assets/5.5.png  used on input line 1696.
(pdftex.def)             Requested size: 345.0pt x 105.6678pt.


[46 <.././assets/5.4.png> <.././assets/5.5.png>]
<.././assets/5.6.jpg, id=739, 1544.77126pt x 881.2925pt>
File: .././assets/5.6.jpg Graphic file (type jpg)
<use .././assets/5.6.jpg>
Package pdftex.def Info: .././assets/5.6.jpg  used on input line 1735.
(pdftex.def)             Requested size: 172.5pt x 98.40823pt.
<.././assets/5.7.png, id=740, 1857.18843pt x 767.11594pt>
File: .././assets/5.7.png Graphic file (type png)
<use .././assets/5.7.png>
Package pdftex.def Info: .././assets/5.7.png  used on input line 1740.
(pdftex.def)             Requested size: 345.0pt x 142.49948pt.


[47 <.././assets/5.6.jpg> <.././assets/5.7.png>]

[48]
Chapter 6.
<.././assets/6.1.png, id=754, 1336.995pt x 554.07pt>
File: .././assets/6.1.png Graphic file (type png)
<use .././assets/6.1.png>
Package pdftex.def Info: .././assets/6.1.png  used on input line 1786.
(pdftex.def)             Requested size: 345.0pt x 142.97263pt.


[49

]
Overfull \hbox (10.00002pt too wide) in paragraph at lines 1792--1793
[][] [][] 
 []


Underfull \hbox (badness 10000) in paragraph at lines 1798--1799

 []


Underfull \hbox (badness 10000) in paragraph at lines 1802--1803

 []


Overfull \hbox (10.00002pt too wide) in paragraph at lines 1807--1808
[][] [][] 
 []


Underfull \hbox (badness 10000) in paragraph at lines 1822--1823

 []



[50 <.././assets/6.1.png>]
<.././assets/6.2.jpg, id=766, 1835.85875pt x 1209.51875pt>
File: .././assets/6.2.jpg Graphic file (type jpg)
<use .././assets/6.2.jpg>
Package pdftex.def Info: .././assets/6.2.jpg  used on input line 1834.
(pdftex.def)             Requested size: 276.00105pt x 181.826pt.
<.././assets/6.3.png, id=767, 416.30531pt x 249.93375pt>
File: .././assets/6.3.png Graphic file (type png)
<use .././assets/6.3.png>
Package pdftex.def Info: .././assets/6.3.png  used on input line 1839.
(pdftex.def)             Requested size: 207.0021pt x 124.27629pt.

Overfull \hbox (10.00002pt too wide) in paragraph at lines 1849--1850
[][] [][] 
 []



[51 <.././assets/6.2.jpg> <.././assets/6.3.png>]
<.././assets/6.4.jpg, id=774, 2468.22125pt x 889.3225pt>
File: .././assets/6.4.jpg Graphic file (type jpg)
<use .././assets/6.4.jpg>
Package pdftex.def Info: .././assets/6.4.jpg  used on input line 1863.
(pdftex.def)             Requested size: 345.0pt x 124.30075pt.
<.././assets/6.5.png, id=775, 793.46437pt x 822.82407pt>
File: .././assets/6.5.png Graphic file (type png)
<use .././assets/6.5.png>
Package pdftex.def Info: .././assets/6.5.png  used on input line 1872.
(pdftex.def)             Requested size: 207.0021pt x 214.65741pt.


[52 <.././assets/6.4.jpg> <.././assets/6.5.png>]

[53]
Overfull \hbox (0.99709pt too wide) in paragraph at lines 1950--1950
 []    \OT1/cmtt/m/n/10 torch.optim.SGD(model.parameters(), lr=... , weight_dec
ay=0)[] 
 []


Overfull \hbox (21.9969pt too wide) in paragraph at lines 1956--1956
 []    \OT1/cmtt/m/n/10 torch.optim.SGD(model.parameters(), lr=... , weight_dec
ay=lamda)[] 
 []


Overfull \hbox (10.00002pt too wide) in paragraph at lines 1958--1959
[][] [][] 
 []

<.././assets/6.6.png, id=791, 892.83563pt x 436.63126pt>
File: .././assets/6.6.png Graphic file (type png)
<use .././assets/6.6.png>
Package pdftex.def Info: .././assets/6.6.png  used on input line 1990.
(pdftex.def)             Requested size: 276.00105pt x 134.97452pt.


[54]

[55 <.././assets/6.6.png>]
<.././assets/6.7.png, id=806, 744.53156pt x 427.5975pt>
File: .././assets/6.7.png Graphic file (type png)
<use .././assets/6.7.png>
Package pdftex.def Info: .././assets/6.7.png  used on input line 2072.
(pdftex.def)             Requested size: 258.75pt x 148.60437pt.


[56]
<.././assets/6.8.jpg, id=814, 1678.27pt x 986.68625pt>
File: .././assets/6.8.jpg Graphic file (type jpg)
<use .././assets/6.8.jpg>
Package pdftex.def Info: .././assets/6.8.jpg  used on input line 2085.
(pdftex.def)             Requested size: 258.75pt x 152.12178pt.


[57 <.././assets/6.7.png> <.././assets/6.8.jpg>]
<.././assets/6.9.png, id=822, 634.62094pt x 250.68657pt>
File: .././assets/6.9.png Graphic file (type png)
<use .././assets/6.9.png>
Package pdftex.def Info: .././assets/6.9.png  used on input line 2123.
(pdftex.def)             Requested size: 172.5pt x 68.14146pt.


[58 <.././assets/6.9.png>]

[59]

[60]
Overfull \hbox (6.24704pt too wide) in paragraph at lines 2278--2278
 []    \OT1/cmtt/m/n/10 scheduler = ExponentialLR(optimizer, gamma=0.9) # lr = 
0.9*lr[] 
 []


Overfull \hbox (58.74658pt too wide) in paragraph at lines 2278--2278
 []        \OT1/cmtt/m/n/10 scheduler.step() # .step() call updates (changes) t
he learning rate[] 
 []


Overfull \hbox (10.00002pt too wide) in paragraph at lines 2280--2281
[][] [][] 
 []


Overfull \hbox (16.74695pt too wide) in paragraph at lines 2295--2295
 []    \OT1/cmtt/m/n/10 scheduler = LambdaLR(optimizer, lr_lambda = lambda ep: 
1e-2/ep)[] 
 []



[61]
<.././assets/6.10.png, id=850, 1191.7022pt x 821.31844pt>
File: .././assets/6.10.png Graphic file (type png)
<use .././assets/6.10.png>
Package pdftex.def Info: .././assets/6.10.png  used on input line 2307.
(pdftex.def)             Requested size: 276.00105pt x 190.21515pt.


[62 <.././assets/6.10.png>]

[63]

[64]
Overfull \hbox (10.00002pt too wide) in paragraph at lines 2456--2457
[][] [][] 
 []



[65]
Overfull \hbox (10.00002pt too wide) in paragraph at lines 2507--2508
[][] [][] 
 []


Overfull \hbox (10.00002pt too wide) in paragraph at lines 2515--2516
[][] [][] 
 []



[66]
! Missing $ inserted.
<inserted text> 
                $
l.2563 ...star}$ https://pytorch.org/docs/stable/_
                                                  modules/torch/nn/modules/l...

? 
! Missing $ inserted.
<inserted text> 
                $
l.2564     ${ }^
                {\#}$ https://pytorch.org/docs/stable/_modules/torch/nn/modu...

? 
! Missing $ inserted.
<inserted text> 
                $
l.2564 ...^{\#}$ https://pytorch.org/docs/stable/_
                                                  modules/torch/nn/modules/c...

? 

! LaTeX Error: Command \end{list} invalid in math mode.

See the LaTeX manual or LaTeX Companion for explanation.
Type  H <return>  for immediate help.
 ...                                              
                                                  
l.2565 \end{concept}
                    
? 
! Missing $ inserted.
<inserted text> 
                $
l.2565 \end{concept}
                    
? 

Overfull \hbox (10.00002pt too wide) in paragraph at lines 2594--2595
[][] [][] 
 []



[67]
Overfull \hbox (10.00002pt too wide) in paragraph at lines 2631--2632
[][] [][] 
 []



[68]
! Misplaced alignment tab character &.
<argument> Example 6.42: Forward Pass &
                                        Forward-mode Autodiff
l.2691 ...2][Forward Pass & Forward-mode Autodiff]
                                                  
? 
<.././assets/6.11.png, id=896, 1299.35437pt x 307.90031pt>
File: .././assets/6.11.png Graphic file (type png)
<use .././assets/6.11.png>
Package pdftex.def Info: .././assets/6.11.png  used on input line 2696.
(pdftex.def)             Requested size: 345.0pt x 81.75293pt.


[69 <.././assets/6.11.png>]
Overfull \hbox (8.55713pt too wide) detected at line 2744
[][]
 []


Underfull \hbox (badness 10000) in paragraph at lines 2755--2756

 []


Underfull \hbox (badness 10000) in paragraph at lines 2755--2756

 []

<.././assets/6.12.png, id=905, 1668.2325pt x 404.26031pt>
File: .././assets/6.12.png Graphic file (type png)
<use .././assets/6.12.png>
Package pdftex.def Info: .././assets/6.12.png  used on input line 2775.
(pdftex.def)             Requested size: 345.0pt x 83.60178pt.


[70]
Overfull \hbox (10.00002pt too wide) in paragraph at lines 2811--2812
[][] [][] 
 []



[71 <.././assets/6.12.png>]
<.././assets/6.13.png, id=917, 1416.79312pt x 439.6425pt>
File: .././assets/6.13.png Graphic file (type png)
<use .././assets/6.13.png>
Package pdftex.def Info: .././assets/6.13.png  used on input line 2853.
(pdftex.def)             Requested size: 345.0pt x 107.05257pt.

Overfull \hbox (0.96292pt too wide) in paragraph at lines 2856--2860
\OT1/cmr/m/n/10 tin-guished. In Py-Torch, you (1) clear the ex-ist-ing gra-di-e
nt with [][]\OT1/cmtt/m/n/10 .zero_grad()
 []



[72 <.././assets/6.13.png>]
Overfull \hbox (30.90752pt too wide) in paragraph at lines 2929--2930
\OT1/cmr/m/n/10 plic-itly con-trolled through learned pa-ram-e-ters $\OML/cmm/m
/it/10 ^^L$ \OT1/cmr/m/n/10 and $\OML/cmm/m/it/10 ^^M$\OT1/cmr/m/n/10 . In Py-t
orch, [][]\OT1/cmtt/m/n/10 nn.BatchNorm2d[]\OT1/cmr/m/n/10 . 
 []



[73]

[74]

! LaTeX Error: Command \k unavailable in encoding OT1.

See the LaTeX manual or LaTeX Companion for explanation.
Type  H <return>  for immediate help.
 ...                                              
                                                  
l.2984 ...turkar, D. Tsipras, A. Ilyas, and A. Mą
                                                  dry, How does batch normal...

? 
<.././assets/6.14.png, id=941, 1495.08563pt x 714.41907pt>
File: .././assets/6.14.png Graphic file (type png)
<use .././assets/6.14.png>
Package pdftex.def Info: .././assets/6.14.png  used on input line 2992.
(pdftex.def)             Requested size: 258.75pt x 123.64076pt.


[75 <.././assets/6.14.png>]
Chapter 7.
<.././assets/7.1.jpg, id=949, 1426.32875pt x 709.65125pt>
File: .././assets/7.1.jpg Graphic file (type jpg)
<use .././assets/7.1.jpg>
Package pdftex.def Info: .././assets/7.1.jpg  used on input line 3018.
(pdftex.def)             Requested size: 207.0021pt x 102.98883pt.

Overfull \hbox (10.00002pt too wide) in paragraph at lines 3021--3022
[][] [][] 
 []


Overfull \hbox (10.00002pt too wide) in paragraph at lines 3034--3035
[][] [][] 
 []



[76

 <.././assets/7.1.jpg>]
<.././assets/7.2.png, id=955, 576.65437pt x 389.95688pt>
File: .././assets/7.2.png Graphic file (type png)
<use .././assets/7.2.png>
Package pdftex.def Info: .././assets/7.2.png  used on input line 3044.
(pdftex.def)             Requested size: 276.00105pt x 186.6476pt.

Overfull \hbox (10.00002pt too wide) in paragraph at lines 3047--3048
[][] [][] 
 []

<.././assets/7.3.png, id=956, 1729.96312pt x 962.09438pt>
File: .././assets/7.3.png Graphic file (type png)
<use .././assets/7.3.png>
Package pdftex.def Info: .././assets/7.3.png  used on input line 3063.
(pdftex.def)             Requested size: 345.0pt x 191.8576pt.


[77 <.././assets/7.2.png>]
<.././assets/7.4.png, id=963, 1443.14156pt x 472.76625pt>
File: .././assets/7.4.png Graphic file (type png)
<use .././assets/7.4.png>
Package pdftex.def Info: .././assets/7.4.png  used on input line 3086.
(pdftex.def)             Requested size: 345.0pt x 113.01895pt.


[78 <.././assets/7.3.png>]
<.././assets/7.5.png, id=972, 1510.14188pt x 782.17218pt>
File: .././assets/7.5.png Graphic file (type png)
<use .././assets/7.5.png>
Package pdftex.def Info: .././assets/7.5.png  used on input line 3095.
(pdftex.def)             Requested size: 345.0pt x 178.69038pt.
<.././assets/7.6.png, id=973, 1594.45688pt x 635.37375pt>
File: .././assets/7.6.png Graphic file (type png)
<use .././assets/7.6.png>
Package pdftex.def Info: .././assets/7.6.png  used on input line 3102.
(pdftex.def)             Requested size: 345.0pt x 137.47523pt.


[79 <.././assets/7.4.png> <.././assets/7.5.png>]
<.././assets/7.7.jpg, id=982, 963.6pt x 542.025pt>
File: .././assets/7.7.jpg Graphic file (type jpg)
<use .././assets/7.7.jpg>
Package pdftex.def Info: .././assets/7.7.jpg  used on input line 3121.
(pdftex.def)             Requested size: 345.0pt x 194.06194pt.
<.././assets/7.8.jpg, id=983, 963.6pt x 542.025pt>
File: .././assets/7.8.jpg Graphic file (type jpg)
<use .././assets/7.8.jpg>
Package pdftex.def Info: .././assets/7.8.jpg  used on input line 3126.
(pdftex.def)             Requested size: 345.0pt x 194.06194pt.


[80 <.././assets/7.6.png> <.././assets/7.7.jpg>]
<.././assets/7.9.jpg, id=991, 963.6pt x 542.025pt>
File: .././assets/7.9.jpg Graphic file (type jpg)
<use .././assets/7.9.jpg>
Package pdftex.def Info: .././assets/7.9.jpg  used on input line 3135.
(pdftex.def)             Requested size: 345.0pt x 194.06194pt.


[81 <.././assets/7.8.jpg> <.././assets/7.9.jpg>]
<.././assets/7.10.jpg, id=998, 963.6pt x 542.025pt>
File: .././assets/7.10.jpg Graphic file (type jpg)
<use .././assets/7.10.jpg>
Package pdftex.def Info: .././assets/7.10.jpg  used on input line 3173.
(pdftex.def)             Requested size: 345.0pt x 194.06194pt.
<.././assets/7.11.png, id=999, 1183.42125pt x 463.7325pt>
File: .././assets/7.11.png Graphic file (type png)
<use .././assets/7.11.png>
Package pdftex.def Info: .././assets/7.11.png  used on input line 3184.
(pdftex.def)             Requested size: 241.49895pt x 94.62706pt.


[82 <.././assets/7.10.jpg>]
Overfull \hbox (10.00002pt too wide) in paragraph at lines 3207--3208
[][] [][] 
 []



[83 <.././assets/7.11.png>]
<.././assets/7.12.png, id=1014, 562.35094pt x 862.72313pt>
File: .././assets/7.12.png Graphic file (type png)
<use .././assets/7.12.png>
Package pdftex.def Info: .././assets/7.12.png  used on input line 3257.
(pdftex.def)             Requested size: 207.0021pt x 317.5702pt.


[84]
Overfull \hbox (10.00002pt too wide) in paragraph at lines 3262--3263
[][] [][] 
 []

<.././assets/7.13.jpg, id=1022, 963.6pt x 542.025pt>
File: .././assets/7.13.jpg Graphic file (type jpg)
<use .././assets/7.13.jpg>
Package pdftex.def Info: .././assets/7.13.jpg  used on input line 3266.
(pdftex.def)             Requested size: 345.0pt x 194.06194pt.


[85 <.././assets/7.12.png>]
<.././assets/7.14.jpg, id=1028, 963.6pt x 542.025pt>
File: .././assets/7.14.jpg Graphic file (type jpg)
<use .././assets/7.14.jpg>
Package pdftex.def Info: .././assets/7.14.jpg  used on input line 3273.
(pdftex.def)             Requested size: 345.0pt x 194.06194pt.


[86 <.././assets/7.13.jpg> <.././assets/7.14.jpg>]

[87]

[88

]

[89

]
Chapter 8.


[90

]
<.././assets/8.1.png, id=1056, 1351.29843pt x 490.08093pt>
File: .././assets/8.1.png Graphic file (type png)
<use .././assets/8.1.png>
Package pdftex.def Info: .././assets/8.1.png  used on input line 3364.
(pdftex.def)             Requested size: 241.49895pt x 87.5826pt.

Overfull \hbox (10.00002pt too wide) in paragraph at lines 3367--3368
[][] [][] 
 []

<.././assets/8.2.png, id=1057, 873.2625pt x 877.77937pt>
File: .././assets/8.2.png Graphic file (type png)
<use .././assets/8.2.png>
Package pdftex.def Info: .././assets/8.2.png  used on input line 3375.
(pdftex.def)             Requested size: 345.0pt x 346.77933pt.


[91 <.././assets/8.1.png>]

[92 <.././assets/8.2.png>]
<.././assets/8.3.png, id=1071, 1523.6925pt x 542.025pt>
File: .././assets/8.3.png Graphic file (type png)
<use .././assets/8.3.png>
Package pdftex.def Info: .././assets/8.3.png  used on input line 3406.
(pdftex.def)             Requested size: 241.49895pt x 85.90697pt.

Overfull \hbox (10.00002pt too wide) in paragraph at lines 3409--3410
[][] [][] 
 []

<.././assets/8.4.png, id=1072, 809.27344pt x 816.80156pt>
File: .././assets/8.4.png Graphic file (type png)
<use .././assets/8.4.png>
Package pdftex.def Info: .././assets/8.4.png  used on input line 3415.
(pdftex.def)             Requested size: 345.0pt x 348.21414pt.


[93 <.././assets/8.3.png>]
<.././assets/8.5.png, id=1079, 1226.33156pt x 549.55313pt>
File: .././assets/8.5.png Graphic file (type png)
<use .././assets/8.5.png>
Package pdftex.def Info: .././assets/8.5.png  used on input line 3432.
(pdftex.def)             Requested size: 241.49895pt x 108.2148pt.


[94 <.././assets/8.4.png>]
Overfull \hbox (10.00002pt too wide) in paragraph at lines 3435--3436
[][] [][] 
 []

<.././assets/8.6.png, id=1086, 742.27313pt x 749.04843pt>
File: .././assets/8.6.png Graphic file (type png)
<use .././assets/8.6.png>
Package pdftex.def Info: .././assets/8.6.png  used on input line 3442.
(pdftex.def)             Requested size: 345.0pt x 348.15533pt.


[95 <.././assets/8.5.png> <.././assets/8.6.png>]
<.././assets/8.7.png, id=1093, 1314.41063pt x 639.89063pt>
File: .././assets/8.7.png Graphic file (type png)
<use .././assets/8.7.png>
Package pdftex.def Info: .././assets/8.7.png  used on input line 3453.
(pdftex.def)             Requested size: 345.0pt x 167.94939pt.
<.././assets/8.8.png, id=1094, 1559.07469pt x 445.665pt>
File: .././assets/8.8.png Graphic file (type png)
<use .././assets/8.8.png>
Package pdftex.def Info: .././assets/8.8.png  used on input line 3458.
(pdftex.def)             Requested size: 345.0pt x 98.61783pt.
<.././assets/8.9.png, id=1095, 1479.27657pt x 449.42906pt>
File: .././assets/8.9.png Graphic file (type png)
<use .././assets/8.9.png>
Package pdftex.def Info: .././assets/8.9.png  used on input line 3463.
(pdftex.def)             Requested size: 345.0pt x 104.81348pt.


[96 <.././assets/8.7.png> <.././assets/8.8.png> <.././assets/8.9.png>]
<.././assets/8.10.png, id=1105, 953.81343pt x 654.94687pt>
File: .././assets/8.10.png Graphic file (type png)
<use .././assets/8.10.png>
Package pdftex.def Info: .././assets/8.10.png  used on input line 3472.
(pdftex.def)             Requested size: 345.0pt x 236.89998pt.
<.././assets/8.11.png, id=1106, 1559.07469pt x 519.44063pt>
File: .././assets/8.11.png Graphic file (type png)
<use .././assets/8.11.png>
Package pdftex.def Info: .././assets/8.11.png  used on input line 3481.
(pdftex.def)             Requested size: 345.0pt x 114.94307pt.
<.././assets/8.12.png, id=1107, 938.75719pt x 655.69969pt>
File: .././assets/8.12.png Graphic file (type png)
<use .././assets/8.12.png>
Package pdftex.def Info: .././assets/8.12.png  used on input line 3486.
(pdftex.def)             Requested size: 345.0pt x 240.97424pt.


[97 <.././assets/8.10.png> <.././assets/8.11.png>]

[98 <.././assets/8.12.png>]

[99]
Overfull \hbox (10.00002pt too wide) in paragraph at lines 3597--3598
[][] [][] 
 []



[100]
<.././assets/8.13.png, id=1134, 1749.53625pt x 735.49782pt>
File: .././assets/8.13.png Graphic file (type png)
<use .././assets/8.13.png>
Package pdftex.def Info: .././assets/8.13.png  used on input line 3624.
(pdftex.def)             Requested size: 345.0pt x 145.03197pt.
<.././assets/8.14.png, id=1135, 926.71219pt x 610.53094pt>
File: .././assets/8.14.png Graphic file (type png)
<use .././assets/8.14.png>
Package pdftex.def Info: .././assets/8.14.png  used on input line 3629.
(pdftex.def)             Requested size: 345.0pt x 227.2903pt.


! LaTeX Error: Unknown graphics extension: .gif.

See the LaTeX manual or LaTeX Companion for explanation.
Type  H <return>  for immediate help.
 ...                                              
                                                  
l.3639 ...dth=0.5\textwidth]{.././assets/8.15.gif}
                                                  
? 

! LaTeX Error: Unknown graphics extension: .gif.

See the LaTeX manual or LaTeX Companion for explanation.
Type  H <return>  for immediate help.
 ...                                              
                                                  
l.3648 ...dth=1.0\textwidth]{.././assets/8.16.gif}
                                                  
? 


[101 <.././assets/8.13.png> <.././assets/8.14.png>]
Overfull \hbox (10.00002pt too wide) in paragraph at lines 3660--3661
[][] [][] 
 []


Overfull \hbox (10.00002pt too wide) in paragraph at lines 3669--3670
[][] [][] 
 []


Overfull \hbox (200.49535pt too wide) in paragraph at lines 3681--3681
 []                    \OT1/cmtt/m/n/10 X[:, :, i:i+f1, j:j+f2] += Y[:, k, i, j
].view(-1,1,1,1)*w[k, :, :, :].unsqueeze(0)[] 
 []

<.././assets/8.17.png, id=1142, 630.85687pt x 499.11469pt>
File: .././assets/8.17.png Graphic file (type png)
<use .././assets/8.17.png>
Package pdftex.def Info: .././assets/8.17.png  used on input line 3689.
(pdftex.def)             Requested size: 172.5pt x 136.47633pt.


[102]
<.././assets/8.18.png, id=1149, 978.65625pt x 353.82187pt>
File: .././assets/8.18.png Graphic file (type png)
<use .././assets/8.18.png>
Package pdftex.def Info: .././assets/8.18.png  used on input line 3701.
(pdftex.def)             Requested size: 258.75pt x 93.54639pt.
<.././assets/8.19.png, id=1150, 1172.88188pt x 566.115pt>
File: .././assets/8.19.png Graphic file (type png)
<use .././assets/8.19.png>
Package pdftex.def Info: .././assets/8.19.png  used on input line 3713.
(pdftex.def)             Requested size: 258.75pt x 124.8912pt.


[103 <.././assets/8.17.png> <.././assets/8.18.png>]
<.././assets/8.20.png, id=1159, 1011.78pt x 784.43062pt>
File: .././assets/8.20.png Graphic file (type png)
<use .././assets/8.20.png>
Package pdftex.def Info: .././assets/8.20.png  used on input line 3724.
(pdftex.def)             Requested size: 345.0pt x 267.4809pt.
<.././assets/8.21.png, id=1160, 952.30782pt x 687.31781pt>
File: .././assets/8.21.png Graphic file (type png)
<use .././assets/8.21.png>
Package pdftex.def Info: .././assets/8.21.png  used on input line 3733.
(pdftex.def)             Requested size: 207.0021pt x 149.39603pt.


[104 <.././assets/8.19.png> <.././assets/8.20.png>]
<.././assets/8.22.png, id=1169, 961.34157pt x 632.3625pt>
File: .././assets/8.22.png Graphic file (type png)
<use .././assets/8.22.png>
Package pdftex.def Info: .././assets/8.22.png  used on input line 3742.
(pdftex.def)             Requested size: 345.0pt x 226.9363pt.
<.././assets/8.23.png, id=1170, 1653.17625pt x 774.64406pt>
File: .././assets/8.23.png Graphic file (type png)
<use .././assets/8.23.png>
Package pdftex.def Info: .././assets/8.23.png  used on input line 3751.
(pdftex.def)             Requested size: 345.0pt x 161.6517pt.


[105 <.././assets/8.21.png> <.././assets/8.22.png>]
<.././assets/8.24.png, id=1179, 410.2828pt x 838.63312pt>
File: .././assets/8.24.png Graphic file (type png)
<use .././assets/8.24.png>
Package pdftex.def Info: .././assets/8.24.png  used on input line 3767.
(pdftex.def)             Requested size: 137.9979pt x 282.07312pt.


[106 <.././assets/8.23.png>]
<.././assets/8.25.jpg, id=1186, 2006.49625pt x 1733.47626pt>
File: .././assets/8.25.jpg Graphic file (type jpg)
<use .././assets/8.25.jpg>
Package pdftex.def Info: .././assets/8.25.jpg  used on input line 3800.
(pdftex.def)             Requested size: 345.0pt x 298.04631pt.


[107 <.././assets/8.24.png>]
<.././assets/8.26.jpg, id=1194, 1708.3825pt x 1128.215pt>
File: .././assets/8.26.jpg Graphic file (type jpg)
<use .././assets/8.26.jpg>
Package pdftex.def Info: .././assets/8.26.jpg  used on input line 3819.
(pdftex.def)             Requested size: 241.49895pt x 159.48117pt.


[108 <.././assets/8.25.jpg>]
<.././assets/8.27.jpg, id=1202, 2241.37375pt x 969.6225pt>
File: .././assets/8.27.jpg Graphic file (type jpg)
<use .././assets/8.27.jpg>
Package pdftex.def Info: .././assets/8.27.jpg  used on input line 3838.
(pdftex.def)             Requested size: 345.0pt x 149.23947pt.


[109 <.././assets/8.26.jpg>]
Overfull \hbox (10.00002pt too wide) in paragraph at lines 3843--3844
[][] [][] 
 []

<.././assets/8.28.png, id=1209, 1172.12906pt x 787.44188pt>
File: .././assets/8.28.png Graphic file (type png)
<use .././assets/8.28.png>
Package pdftex.def Info: .././assets/8.28.png  used on input line 3849.
(pdftex.def)             Requested size: 345.0pt x 231.76466pt.
<.././assets/8.29.png, id=1210, 1163.0953pt x 363.60844pt>
File: .././assets/8.29.png Graphic file (type png)
<use .././assets/8.29.png>
Package pdftex.def Info: .././assets/8.29.png  used on input line 3854.
(pdftex.def)             Requested size: 241.49895pt x 75.49449pt.


[110 <.././assets/8.27.jpg> <.././assets/8.28.png>]

[111 <.././assets/8.29.png>]

[112

]

[113

]
Chapter 9.


[114

]
<.././assets/9.1.png, id=1239, 1542.51282pt x 739.26187pt>
File: .././assets/9.1.png Graphic file (type png)
<use .././assets/9.1.png>
Package pdftex.def Info: .././assets/9.1.png  used on input line 3904.
(pdftex.def)             Requested size: 276.00105pt x 132.27177pt.
<.././assets/9.2.png, id=1240, 1291.82625pt x 618.81187pt>
File: .././assets/9.2.png Graphic file (type png)
<use .././assets/9.2.png>
Package pdftex.def Info: .././assets/9.2.png  used on input line 3917.
(pdftex.def)             Requested size: 241.49895pt x 115.67757pt.
<.././assets/9.3.png, id=1241, 1525.95094pt x 248.42813pt>
File: .././assets/9.3.png Graphic file (type png)
<use .././assets/9.3.png>
Package pdftex.def Info: .././assets/9.3.png  used on input line 3922.
(pdftex.def)             Requested size: 345.0pt x 56.16684pt.


[115 <.././assets/9.1.png> <.././assets/9.2.png>]
<.././assets/9.4.png, id=1250, 1029.09468pt x 565.36218pt>
File: .././assets/9.4.png Graphic file (type png)
<use .././assets/9.4.png>
Package pdftex.def Info: .././assets/9.4.png  used on input line 3943.
(pdftex.def)             Requested size: 241.49895pt x 132.67033pt.
<.././assets/9.5.png, id=1251, 1178.15157pt x 587.94656pt>
File: .././assets/9.5.png Graphic file (type png)
<use .././assets/9.5.png>
Package pdftex.def Info: .././assets/9.5.png  used on input line 3948.
(pdftex.def)             Requested size: 345.0pt x 172.1688pt.


[116 <.././assets/9.3.png> <.././assets/9.4.png>]

[117 <.././assets/9.5.png>]
Chapter 10.

Overfull \hbox (10.61897pt too wide) in paragraph at lines 3975--3976
[]\OT1/cmr/m/n/10 A \OT1/cmr/bx/n/10 prob-a-bilis-tic gen-er-a-tive model \OT1/
cmr/m/n/10 learns a dis-tri-bu-tion $\OML/cmm/m/it/10 p[]$ \OT1/cmr/m/n/10 from
 $\OML/cmm/m/it/10 X[]; [] ; X[] \OMS/cmsy/m/n/10 ^^X
 []



[118

]
<.././assets/10.1.png, id=1272, 1125.45468pt x 863.47594pt>
File: .././assets/10.1.png Graphic file (type png)
<use .././assets/10.1.png>
Package pdftex.def Info: .././assets/10.1.png  used on input line 4017.
(pdftex.def)             Requested size: 241.49895pt x 185.2748pt.

Overfull \hbox (10.00002pt too wide) in paragraph at lines 4020--4021
[][] [][] 
 []

<.././assets/10.2.png, id=1273, 1385.175pt x 684.30656pt>
File: .././assets/10.2.png Graphic file (type png)
<use .././assets/10.2.png>
Package pdftex.def Info: .././assets/10.2.png  used on input line 4033.
(pdftex.def)             Requested size: 345.0pt x 170.43927pt.


[119 <.././assets/10.1.png>]
<.././assets/10.3.png, id=1281, 695.59875pt x 466.74374pt>
File: .././assets/10.3.png Graphic file (type png)
<use .././assets/10.3.png>
Package pdftex.def Info: .././assets/10.3.png  used on input line 4052.
(pdftex.def)             Requested size: 241.49895pt x 162.0452pt.

Overfull \hbox (10.00002pt too wide) in paragraph at lines 4055--4056
[][] [][] 
 []



[120 <.././assets/10.2.png> <.././assets/10.3.png>]
Underfull \hbox (badness 10000) in paragraph at lines 4064--4065

 []

<.././assets/10.4.png, id=1290, 685.8122pt x 441.90094pt>
File: .././assets/10.4.png Graphic file (type png)
<use .././assets/10.4.png>
Package pdftex.def Info: .././assets/10.4.png  used on input line 4070.
(pdftex.def)             Requested size: 241.49895pt x 155.61163pt.
<.././assets/10.5.png, id=1291, 1163.0953pt x 355.3275pt>
File: .././assets/10.5.png Graphic file (type png)
<use .././assets/10.5.png>
Package pdftex.def Info: .././assets/10.5.png  used on input line 4079.
(pdftex.def)             Requested size: 345.0pt x 105.39542pt.

Overfull \hbox (10.00002pt too wide) in paragraph at lines 4094--4095
[][] [][] 
 []



[121 <.././assets/10.4.png> <.././assets/10.5.png>]
Overfull \hbox (10.00002pt too wide) in paragraph at lines 4114--4115
[][] [][] 
 []

<.././assets/10.6.png, id=1301, 1214.28656pt x 350.81062pt>
File: .././assets/10.6.png Graphic file (type png)
<use .././assets/10.6.png>
Package pdftex.def Info: .././assets/10.6.png  used on input line 4139.
(pdftex.def)             Requested size: 345.0pt x 99.67159pt.


[122 <.././assets/10.6.png>]
<.././assets/10.7.png, id=1308, 1361.83781pt x 365.86688pt>
File: .././assets/10.7.png Graphic file (type png)
<use .././assets/10.7.png>
Package pdftex.def Info: .././assets/10.7.png  used on input line 4192.
(pdftex.def)             Requested size: 345.0pt x 92.68352pt.


[123]
<.././assets/10.8.png, id=1318, 1584.67032pt x 758.08218pt>
File: .././assets/10.8.png Graphic file (type png)
<use .././assets/10.8.png>
Package pdftex.def Info: .././assets/10.8.png  used on input line 4224.
(pdftex.def)             Requested size: 345.0pt x 165.04349pt.
<.././assets/10.9.png, id=1319, 1657.69313pt x 758.835pt>
File: .././assets/10.9.png Graphic file (type png)
<use .././assets/10.9.png>
Package pdftex.def Info: .././assets/10.9.png  used on input line 4233.
(pdftex.def)             Requested size: 345.0pt x 157.92427pt.


[124 <.././assets/10.7.png> <.././assets/10.8.png>]
<.././assets/10.10.png, id=1330, 1554.55782pt x 759.58781pt>
File: .././assets/10.10.png Graphic file (type png)
<use .././assets/10.10.png>
Package pdftex.def Info: .././assets/10.10.png  used on input line 4242.
(pdftex.def)             Requested size: 345.0pt x 168.57022pt.


[125 <.././assets/10.9.png> <.././assets/10.10.png>]
Overfull \hbox (10.00002pt too wide) in paragraph at lines 4276--4277
[][] [][] 
 []

<.././assets/10.11.png, id=1340, 657.95813pt x 409.53pt>
File: .././assets/10.11.png Graphic file (type png)
<use .././assets/10.11.png>
Package pdftex.def Info: .././assets/10.11.png  used on input line 4294.
(pdftex.def)             Requested size: 241.49895pt x 150.31143pt.


[126 <.././assets/10.11.png>]

[127]
Overfull \hbox (47.29652pt too wide) detected at line 4371
\U/msb/m/n/10 P [] \OT1/cmr/m/n/10 = \U/msb/m/n/10 P\OT1/cmr/m/n/10 (\OML/cmm/m
/it/10 Y \OMS/cmsy/m/n/10 2 \OML/cmm/m/it/10 f\OT1/cmr/m/n/10 (\OML/cmm/m/it/10
 A\OT1/cmr/m/n/10 )) = [][] \OML/cmm/m/it/10 p[]\OT1/cmr/m/n/10 (\OML/cmm/m/it/
10 y\OT1/cmr/m/n/10 )\OML/cmm/m/it/10 dy \OT1/cmr/m/n/10 = [][] \OML/cmm/m/it/1
0 p[]\OT1/cmr/m/n/10 (\OML/cmm/m/it/10 f\OT1/cmr/m/n/10 (\OML/cmm/m/it/10 x\OT1
/cmr/m/n/10 )) [] \OML/cmm/m/it/10 dx \OT1/cmr/m/n/10 = \U/msb/m/n/10 P\OT1/cmr
/m/n/10 (\OML/cmm/m/it/10 X \OMS/cmsy/m/n/10 2 \OML/cmm/m/it/10 A\OT1/cmr/m/n/1
0 )
 []



[128]

[129]
<.././assets/10.12.png, id=1368, 1541.76pt x 590.95781pt>
File: .././assets/10.12.png Graphic file (type png)
<use .././assets/10.12.png>
Package pdftex.def Info: .././assets/10.12.png  used on input line 4515.
(pdftex.def)             Requested size: 345.0pt x 132.23839pt.
<.././assets/10.13.png, id=1369, 1615.53563pt x 586.44093pt>
File: .././assets/10.13.png Graphic file (type png)
<use .././assets/10.13.png>
Package pdftex.def Info: .././assets/10.13.png  used on input line 4524.
(pdftex.def)             Requested size: 345.0pt x 125.23224pt.


[130 <.././assets/10.12.png>]

[131 <.././assets/10.13.png>]
Overfull \hbox (106.1417pt too wide) detected at line 4596
[] []\OT1/cmr/m/n/10 (\OML/cmm/m/it/10 x\OT1/cmr/m/n/10 ) = [] [] = [] [] = 1
 []


Overfull \hbox (37.29631pt too wide) detected at line 4633
[][]
 []

<.././assets/10.14.png, id=1385, 1455.18657pt x 705.38531pt>
File: .././assets/10.14.png Graphic file (type png)
<use .././assets/10.14.png>
Package pdftex.def Info: .././assets/10.14.png  used on input line 4644.
(pdftex.def)             Requested size: 345.0pt x 167.22937pt.


[132]
<.././assets/10.15.png, id=1392, 1040.38687pt x 491.58656pt>
File: .././assets/10.15.png Graphic file (type png)
<use .././assets/10.15.png>
Package pdftex.def Info: .././assets/10.15.png  used on input line 4665.
(pdftex.def)             Requested size: 241.49895pt x 114.10516pt.
<.././assets/10.16.png, id=1393, 1878.26718pt x 743.02594pt>
File: .././assets/10.16.png Graphic file (type png)
<use .././assets/10.16.png>
Package pdftex.def Info: .././assets/10.16.png  used on input line 4674.
(pdftex.def)             Requested size: 345.0pt x 136.47127pt.


[133 <.././assets/10.14.png> <.././assets/10.15.png>]

[134 <.././assets/10.16.png>]

[135]
Chapter 11.


[136

]
<.././assets/11.1.png, id=1427, 828.84656pt x 544.28343pt>
File: .././assets/11.1.png Graphic file (type png)
<use .././assets/11.1.png>
Package pdftex.def Info: .././assets/11.1.png  used on input line 4827.
(pdftex.def)             Requested size: 276.00105pt x 181.24188pt.


[137 <.././assets/11.1.png>]
Overfull \hbox (10.00002pt too wide) in paragraph at lines 4850--4851
[][] [][] 
 []

<.././assets/11.2.png, id=1434, 188.20313pt x 331.2375pt>
File: .././assets/11.2.png Graphic file (type png)
<use .././assets/11.2.png>
Package pdftex.def Info: .././assets/11.2.png  used on input line 4854.
(pdftex.def)             Requested size: 68.99895pt x 121.43895pt.

Overfull \hbox (10.00002pt too wide) in paragraph at lines 4877--4878
[][] [][] 
 []


Overfull \hbox (10.00002pt too wide) in paragraph at lines 4897--4898
[][] [][] 
 []



[138 <.././assets/11.2.png>]
Overfull \hbox (86.541pt too wide) detected at line 4931
[][]
 []

<.././assets/11.3.png, id=1441, 933.4875pt x 405.76593pt>
File: .././assets/11.3.png Graphic file (type png)
<use .././assets/11.3.png>
Package pdftex.def Info: .././assets/11.3.png  used on input line 4935.
(pdftex.def)             Requested size: 345.0pt x 149.96387pt.


[139 <.././assets/11.3.png>]
Overfull \hbox (43.8339pt too wide) detected at line 4974
[] [] \U/msb/m/n/10 E[] [] \OMS/cmsy/m/n/10 ^^Y [] [] [] [] []\OML/cmm/m/it/10 
;  Z[]; [] ; Z[] \OMS/cmsy/m/n/10 ^^X \OML/cmm/m/it/10 q[]
 []



[140]
Overfull \hbox (10.00002pt too wide) in paragraph at lines 5012--5013
[][] [][] 
 []


Overfull \hbox (10.00002pt too wide) in paragraph at lines 5027--5028
[][] [][] 
 []



[141]
Overfull \hbox (30.90807pt too wide) detected at line 5069
[][]
 []



[142]

[143]
Overfull \hbox (10.00002pt too wide) in paragraph at lines 5124--5125
[][] [][] 
 []


Overfull \hbox (10.00002pt too wide) in paragraph at lines 5145--5146
[][] [][] 
 []


Overfull \hbox (96.19397pt too wide) detected at line 5159
[][]
 []



[144]
<.././assets/11.4.png, id=1489, 1172.12906pt x 591.71063pt>
File: .././assets/11.4.png Graphic file (type png)
<use .././assets/11.4.png>
Package pdftex.def Info: .././assets/11.4.png  used on input line 5201.
(pdftex.def)             Requested size: 172.5pt x 87.07341pt.

Overfull \hbox (10.00002pt too wide) in paragraph at lines 5212--5213
[][] [][] 
 []



[145 <.././assets/11.4.png>]
Overfull \hbox (10.00002pt too wide) in paragraph at lines 5236--5237
[][] [][] 
 []


Overfull \hbox (79.9875pt too wide) detected at line 5257
[] [] []\U/msb/m/n/10 E[] [][] \OT1/cmr/m/n/10 + [] [] + [][] \OMS/cmsy/m/n/10 
^^@ [] [] []
 []


Overfull \hbox (79.9875pt too wide) detected at line 5265
[] [] []\U/msb/m/n/10 E[] [][] \OT1/cmr/m/n/10 + [] [] + [][] \OMS/cmsy/m/n/10 
^^@ [] [] []
 []


Overfull \hbox (125.15897pt too wide) detected at line 5271
[] [] []\U/msb/m/n/10 E[] [][] \OT1/cmr/m/n/10 + [] [] + [][] \OMS/cmsy/m/n/10 
^^@ [] [] []
 []

<.././assets/11.5.png, id=1497, 894.34125pt x 810.02625pt>
File: .././assets/11.5.png Graphic file (type png)
<use .././assets/11.5.png>
Package pdftex.def Info: .././assets/11.5.png  used on input line 5288.
(pdftex.def)             Requested size: 241.49895pt x 218.72237pt.


[146]
<.././assets/11.6.png, id=1504, 914.66719pt x 821.31844pt>
File: .././assets/11.6.png Graphic file (type png)
<use .././assets/11.6.png>
Package pdftex.def Info: .././assets/11.6.png  used on input line 5297.
(pdftex.def)             Requested size: 241.49895pt x 216.84628pt.

Overfull \hbox (10.00002pt too wide) in paragraph at lines 5300--5301
[][] [][] 
 []



[147 <.././assets/11.5.png> <.././assets/11.6.png>]
<.././assets/11.7.png, id=1512, 437.38406pt x 437.38406pt>
File: .././assets/11.7.png Graphic file (type png)
<use .././assets/11.7.png>
Package pdftex.def Info: .././assets/11.7.png  used on input line 5311.
(pdftex.def)             Requested size: 137.9979pt x 137.99693pt.

Overfull \hbox (67.78879pt too wide) detected at line 5324
[][]
 []


Overfull \hbox (125.15897pt too wide) detected at line 5338
[] [] []\U/msb/m/n/10 E[] [][] \OT1/cmr/m/n/10 + [] [] + [][] \OMS/cmsy/m/n/10 
^^@ [] [] []
 []


Overfull \hbox (126.64697pt too wide) detected at line 5344
\OMS/cmsy/m/n/10 ^^@ [][] [] [] [] [][] \OT1/cmr/m/n/10 + [] [] + [][] \OMS/cms
y/m/n/10 ^^@ [] [] []
 []



[148 <.././assets/11.7.png>]
Overfull \hbox (116.13802pt too wide) detected at line 5374
[][]
 []


Overfull \hbox (49.2515pt too wide) detected at line 5380
[] [] [] [] [] \OML/cmm/m/it/10 ;  Z[]; [] ; Z[] \OMS/cmsy/m/n/10 ^^X \OML/cmm/
m/it/10 q[] []
 []

<.././assets/11.8.png, id=1520, 1854.93pt x 607.51968pt>
File: .././assets/11.8.png Graphic file (type png)
<use .././assets/11.8.png>
Package pdftex.def Info: .././assets/11.8.png  used on input line 5388.
(pdftex.def)             Requested size: 345.0pt x 112.99193pt.
<.././assets/11.9.png, id=1521, 1550.79375pt x 624.08156pt>
File: .././assets/11.9.png Graphic file (type png)
<use .././assets/11.9.png>
Package pdftex.def Info: .././assets/11.9.png  used on input line 5393.
(pdftex.def)             Requested size: 345.0pt x 138.83151pt.


[149]
<.././assets/11.10.png, id=1528, 600.74437pt x 601.4972pt>
File: .././assets/11.10.png Graphic file (type png)
<use .././assets/11.10.png>
Package pdftex.def Info: .././assets/11.10.png  used on input line 5402.
(pdftex.def)             Requested size: 172.5pt x 172.71341pt.
<.././assets/11.11.png, id=1529, 654.19406pt x 797.22844pt>
File: .././assets/11.11.png Graphic file (type png)
<use .././assets/11.11.png>
Package pdftex.def Info: .././assets/11.11.png  used on input line 5407.
(pdftex.def)             Requested size: 241.49895pt x 294.30084pt.
<.././assets/11.12.png, id=1530, 1212.78094pt x 600.74437pt>
File: .././assets/11.12.png Graphic file (type png)
<use .././assets/11.12.png>
Package pdftex.def Info: .././assets/11.12.png  used on input line 5412.
(pdftex.def)             Requested size: 345.0pt x 170.89308pt.


[150 <.././assets/11.8.png> <.././assets/11.9.png> <.././assets/11.10.png>]

[151 <.././assets/11.11.png> <.././assets/11.12.png>]

! LaTeX Error: Unicode character β (U+03B2)
               not set up for use with LaTeX.

See the LaTeX manual or LaTeX Companion for explanation.
Type  H <return>  for immediate help.
 ...                                              
                                                  
l.5429 ...tvinick, S. Mohamed, and A. Lerchner, β
                                                  -VAE: Learning basic visua...

? 


[152]
Chapter 12.


[153

]
Overfull \hbox (10.18011pt too wide) detected at line 5550
[][]
 []



[154]

[155]
<.././assets/12.1.png, id=1570, 1550.79375pt x 517.18219pt>
File: .././assets/12.1.png Graphic file (type png)
<use .././assets/12.1.png>
Package pdftex.def Info: .././assets/12.1.png  used on input line 5606.
(pdftex.def)             Requested size: 345.0pt x 115.05096pt.
<.././assets/12.2.jpg, id=1571, 1784.6675pt x 794.97pt>
File: .././assets/12.2.jpg Graphic file (type jpg)
<use .././assets/12.2.jpg>
Package pdftex.def Info: .././assets/12.2.jpg  used on input line 5618.
(pdftex.def)             Requested size: 345.0pt x 153.67813pt.

Overfull \hbox (0.70897pt too wide) in paragraph at lines 5629--5630
\OT1/cmr/m/n/10 Ozair, A. Courville, and Y. Ben-gio, Gen-er-a-tive ad-ver-sar-i
al net-works, NeurIPS,
 []



[156 <.././assets/12.1.png> <.././assets/12.2.jpg>]
Overfull \hbox (10.00002pt too wide) in paragraph at lines 5662--5663
[][] [][] 
 []


Overfull \hbox (10.00002pt too wide) in paragraph at lines 5684--5685
[][] [][] 
 []



[157]

[158]
<.././assets/12.3.png, id=1595, 998.9822pt x 697.10437pt>
File: .././assets/12.3.png Graphic file (type png)
<use .././assets/12.3.png>
Package pdftex.def Info: .././assets/12.3.png  used on input line 5747.
(pdftex.def)             Requested size: 345.0pt x 240.74591pt.


[159 <.././assets/12.3.png>]
Overfull \hbox (4.26033pt too wide) in paragraph at lines 5779--5780
[]\OT1/cmr/m/n/10 With, $\OML/cmm/m/it/10 f\OT1/cmr/m/n/10 (\OML/cmm/m/it/10 u\
OT1/cmr/m/n/10 ) = []$ we have $\OML/cmm/m/it/10 D[] \OT1/cmr/m/n/10 =
 []


Overfull \hbox (10.00002pt too wide) in paragraph at lines 5803--5804
[][] [][] 
 []


Overfull \hbox (10.00002pt too wide) in paragraph at lines 5827--5828
[][] [][] 
 []



[160]
Overfull \hbox (10.65657pt too wide) detected at line 5842
[][]
 []


Overfull \hbox (10.00002pt too wide) in paragraph at lines 5866--5867
[][] [][] 
 []



[161]

[162]
Overfull \hbox (91.39847pt too wide) detected at line 6005
[][]
 []



[163]
Overfull \hbox (6.85252pt too wide) detected at line 6069
[][]
 []



[164]
Overfull \hbox (39.4656pt too wide) detected at line 6113
\OML/cmm/m/it/10 ^^Z\OT1/cmr/m/n/10 (\OML/cmm/m/it/10 r\OT1/cmr/m/n/10 ) = [](\
OML/cmm/m/it/10 ^^[\OT1/cmr/m/n/10 (\OML/cmm/m/it/10 r\OT1/cmr/m/n/10 ))\OML/cm
m/m/it/10 ;  ^^[\OT1/cmr/m/n/10 (\OML/cmm/m/it/10 r\OT1/cmr/m/n/10 ) = []\OML/c
mm/m/it/10 ;  f[]\OT1/cmr/m/n/10 (\OML/cmm/m/it/10 t\OT1/cmr/m/n/10 ) = []
 []


Overfull \hbox (34.33844pt too wide) detected at line 6126
[][]
 []



[165]
Overfull \hbox (4.1118pt too wide) in paragraph at lines 6146--6147
[]\OT1/cmr/m/n/10 where the in-fi-mum is taken over joint prob-a-bil-ity dis-tr
i-bu-tions $\OML/cmm/m/it/10 f$ \OT1/cmr/m/n/10 with marginals
 []


Overfull \hbox (10.00002pt too wide) in paragraph at lines 6154--6155
[][] [][] 
 []


Overfull \hbox (10.00002pt too wide) in paragraph at lines 6167--6168
[][] [][] 
 []



[166]
Overfull \hbox (4.46344pt too wide) in paragraph at lines 6221--6222
[]\OT1/cmr/m/n/10 Constraint is han-dled with a pro-jected gra-di-ent method. (
Note that $\OML/cmm/m/it/10 A[]; [] ; A[]$
 []



[167]

[168

]

[169

]
Chapter 13.


[170

]

[171]
Overfull \hbox (6.02461pt too wide) detected at line 6340
\OML/cmm/m/it/10 I \OT1/cmr/m/n/10 = \U/msb/m/n/10 E[]\OT1/cmr/m/n/10 [\OML/cmm
/m/it/10 ^^^\OT1/cmr/m/n/10 (\OML/cmm/m/it/10 X\OT1/cmr/m/n/10 )] = [] \OML/cmm
/m/it/10 ^^^\OT1/cmr/m/n/10 (\OML/cmm/m/it/10 x\OT1/cmr/m/n/10 )\OML/cmm/m/it/1
0 f\OT1/cmr/m/n/10 (\OML/cmm/m/it/10 x\OT1/cmr/m/n/10 )\OML/cmm/m/it/10 dx \OT1
/cmr/m/n/10 = [] []\OML/cmm/m/it/10 g\OT1/cmr/m/n/10 (\OML/cmm/m/it/10 x\OT1/cm
r/m/n/10 )\OML/cmm/m/it/10 dx \OT1/cmr/m/n/10 = \U/msb/m/n/10 E[] []
 []



[172]
Overfull \hbox (10.00002pt too wide) in paragraph at lines 6390--6391
[][] [][] 
 []



[173]
Overfull \hbox (50.45311pt too wide) detected at line 6482
\OMS/cmsy/m/n/10 r[]L\OT1/cmr/m/n/10 (\OML/cmm/m/it/10 ^^V\OT1/cmr/m/n/10 ) = \
U/msb/m/n/10 E[] [] \OMS/cmsy/m/n/10 ^^Y [] [] [][] []
 []

<.././assets/13.1.png, id=1689, 1002.74625pt x 813.79031pt>
File: .././assets/13.1.png Graphic file (type png)
<use .././assets/13.1.png>
Package pdftex.def Info: .././assets/13.1.png  used on input line 6488.
(pdftex.def)             Requested size: 172.5pt x 139.99403pt.


[174]
Overfull \hbox (45.08008pt too wide) detected at line 6514
[][]
 []



[175 <.././assets/13.1.png>]
<.././assets/13.2.png, id=1705, 1052.43187pt x 788.19469pt>
File: .././assets/13.2.png Graphic file (type png)
<use .././assets/13.2.png>
Package pdftex.def Info: .././assets/13.2.png  used on input line 6543.
(pdftex.def)             Requested size: 345.0pt x 258.38521pt.


[176 <.././assets/13.2.png>]

[177

]

[178

]

[179

]

[180

] (merged_latex.aux)
 ***********
LaTeX2e <2024-11-01> patch level 2
L3 programming layer <2025-01-18>
 ***********


LaTeX Warning: There were multiply-defined labels.

Package rerunfilecheck Info: File `merged_latex.out' has not changed.
(rerunfilecheck)             Checksum: 6853BE3C665B336466DE8F36E4EE9B06;13449.
 ) 
Here is how much of TeX's memory you used:
 12727 strings out of 473530
 204340 string characters out of 5714794
 596568 words of memory out of 5000000
 35217 multiletter control sequences out of 15000+600000
 569380 words of font info for 76 fonts, out of 8000000 for 9000
 1141 hyphenation exceptions out of 8191
 75i,17n,79p,551b,703s stack positions out of 10000i,1000n,20000p,200000b,200000s
<C:/Users/arnol/AppData/Local/Programs/MiKTeX/fonts/type1/public/amsfonts/cm/
cmbx10.pfb><C:/Users/arnol/AppData/Local/Programs/MiKTeX/fonts/type1/public/ams
fonts/cm/cmbx12.pfb><C:/Users/arnol/AppData/Local/Programs/MiKTeX/fonts/type1/p
ublic/amsfonts/cm/cmbx7.pfb><C:/Users/arnol/AppData/Local/Programs/MiKTeX/fonts
/type1/public/amsfonts/cm/cmex10.pfb><C:/Users/arnol/AppData/Local/Programs/MiK
TeX/fonts/type1/public/amsfonts/cm/cmmi10.pfb><C:/Users/arnol/AppData/Local/Pro
grams/MiKTeX/fonts/type1/public/amsfonts/cm/cmmi5.pfb><C:/Users/arnol/AppData/L
ocal/Programs/MiKTeX/fonts/type1/public/amsfonts/cm/cmmi7.pfb><C:/Users/arnol/A
ppData/Local/Programs/MiKTeX/fonts/type1/public/amsfonts/cm/cmr10.pfb><C:/Users
/arnol/AppData/Local/Programs/MiKTeX/fonts/type1/public/amsfonts/cm/cmr17.pfb><
C:/Users/arnol/AppData/Local/Programs/MiKTeX/fonts/type1/public/amsfonts/cm/cmr
5.pfb><C:/Users/arnol/AppData/Local/Programs/MiKTeX/fonts/type1/public/amsfonts
/cm/cmr7.pfb><C:/Users/arnol/AppData/Local/Programs/MiKTeX/fonts/type1/public/a
msfonts/cm/cmsy10.pfb><C:/Users/arnol/AppData/Local/Programs/MiKTeX/fonts/type1
/public/amsfonts/cm/cmsy5.pfb><C:/Users/arnol/AppData/Local/Programs/MiKTeX/fon
ts/type1/public/amsfonts/cm/cmsy7.pfb><C:/Users/arnol/AppData/Local/Programs/Mi
KTeX/fonts/type1/public/amsfonts/cm/cmti10.pfb><C:/Users/arnol/AppData/Local/Pr
ograms/MiKTeX/fonts/type1/public/amsfonts/cm/cmtt10.pfb><C:/Users/arnol/AppData
/Local/Programs/MiKTeX/fonts/type1/public/amsfonts/symbols/msam10.pfb><C:/Users
/arnol/AppData/Local/Programs/MiKTeX/fonts/type1/public/amsfonts/symbols/msbm10
.pfb><C:/Users/arnol/AppData/Local/Programs/MiKTeX/fonts/type1/public/amsfonts/
symbols/msbm7.pfb><C:/Users/arnol/AppData/Local/Programs/MiKTeX/fonts/type1/pub
lic/cm-super/sfrm1000.pfb>
Output written on merged_latex.pdf (181 pages, 76418197 bytes).
PDF statistics:
 1948 PDF objects out of 2073 (max. 8388607)
 584 named destinations out of 1000 (max. 500000)
 1211 words of extra memory for PDF output out of 10000 (max. 10000000)

