2023.10.03 13:29:56 INFO  Started: Metals version 1.0.1 in folders 'C:\Data\OneDrive - SNU\Arnold\SNU\Blog\math-notes' for client Visual Studio Code 1.82.2.
10월 03, 2023 1:29:56 오후 org.flywaydb.core.internal.license.VersionPrinter printVersionOnly
정보: Flyway Community Edition 9.21.2 by Redgate
10월 03, 2023 1:29:56 오후 org.flywaydb.core.internal.license.VersionPrinter printVersion
정보: See release notes here: https://rd.gt/416ObMi
10월 03, 2023 1:29:56 오후 org.flywaydb.core.internal.license.VersionPrinter printVersion
정보: 
10월 03, 2023 1:29:56 오후 org.flywaydb.core.FlywayExecutor execute
정보: Database: jdbc:h2:file:C:\Data\OneDrive - SNU\Arnold\SNU\Blog\math-notes\.metals\metals (H2 2.1)
10월 03, 2023 1:29:56 오후 org.flywaydb.core.internal.schemahistory.JdbcTableSchemaHistory allAppliedMigrations
정보: Schema history table "PUBLIC"."flyway_schema_history" does not exist yet
10월 03, 2023 1:29:56 오후 org.flywaydb.core.internal.command.DbValidate validate
정보: Successfully validated 4 migrations (execution time 00:00.030s)
10월 03, 2023 1:29:56 오후 org.flywaydb.core.internal.schemahistory.JdbcTableSchemaHistory create
정보: Creating Schema History table "PUBLIC"."flyway_schema_history" ...
10월 03, 2023 1:29:56 오후 org.flywaydb.core.internal.command.DbMigrate migrateGroup
정보: Current version of schema "PUBLIC": << Empty Schema >>
10월 03, 2023 1:29:56 오후 org.flywaydb.core.internal.command.DbMigrate doMigrateGroup
정보: Migrating schema "PUBLIC" to version "1 - Create tables"
10월 03, 2023 1:29:56 오후 org.flywaydb.core.internal.command.DbMigrate doMigrateGroup
정보: Migrating schema "PUBLIC" to version "2 - Server discovery"
10월 03, 2023 1:29:56 오후 org.flywaydb.core.internal.command.DbMigrate doMigrateGroup
정보: Migrating schema "PUBLIC" to version "3 - Jar symbols"
10월 03, 2023 1:29:56 오후 org.flywaydb.core.internal.command.DbMigrate doMigrateGroup
정보: Migrating schema "PUBLIC" to version "4 - Fingerprints"
10월 03, 2023 1:29:56 오후 org.flywaydb.core.internal.command.DbMigrate logSummary
정보: Successfully applied 4 migrations to schema "PUBLIC", now at version v4 (execution time 00:00.026s)
2023.10.03 13:29:56 INFO  time: initialize in 0.7s
2023.10.03 13:29:59 WARN  Build server is not auto-connectable.
2023.10.03 13:29:59 WARN  no build tool detected in workspace 'C:\Data\OneDrive - SNU\Arnold\SNU\Blog\math-notes'. The most common cause for this problem is that the editor was opened in the wrong working directory, for example if you use sbt then the workspace directory should contain build.sbt. 
